<testsuites id="" name="" tests="2" failures="1" skipped="0" errors="0" time="22.502388000000035">
<testsuite name="com.lutron.spec.ts" timestamp="2025-05-05T02:52:32.623Z" hostname="chromium" tests="2" failures="1" skipped="0" time="16.795" errors="0">
<testcase name="verify commercial link" classname="com.lutron.spec.ts" time="4.515">
<system-out>
<![CDATA[
[[ATTACHMENT|test-results\com.lutron-verify-commercial-link-chromium\test-finished-1.png]]
]]>
</system-out>
</testcase>
<testcase name="Test about us link" classname="com.lutron.spec.ts" time="12.28">
<failure message="com.lutron.spec.ts:57:5 Test about us link" type="FAILURE">
<![CDATA[  [chromium] › com.lutron.spec.ts:57:5 › Test about us link @Playwright_With_Jenkins_Practice ──────

    Error: Timed out 5000ms waiting for expect(locator).toHaveText(expected)

    Locator: getByRole('heading', { name: 'Who We Are' })
    Expected string: "Who We Are***"
    Received string: "Who We Are"
    Call log:
      - expect.toHaveText with timeout 5000ms
      - waiting for getByRole('heading', { name: 'Who We Are' })
        7 × locator resolved to <h1 class="hero__tagline">Who We Are</h1>
          - unexpected value "Who We Are"


      61 |     await aboutUs.click();
      62 |     await page.getByLabel('Who We Are').click();
    > 63 |     await expect(page.getByRole('heading', { name: 'Who We Are' })).toHaveText('Who We Are***');
         |                                                                     ^
      64 |
      65 | })
      66 |
        at C:\Users\herra\Desktop\Playwright_Lutron.com\tests\com.lutron.spec.ts:63:69

    attachment #1: screenshot (image/png) ──────────────────────────────────────────────────────────
    test-results\com.lutron-Test-about-us-link-chromium\test-failed-1.png
    ────────────────────────────────────────────────────────────────────────────────────────────────
]]>
</failure>
<system-out>
<![CDATA[
[[ATTACHMENT|test-results\com.lutron-Test-about-us-link-chromium\test-failed-1.png]]
]]>
</system-out>
</testcase>
</testsuite>
</testsuites>